TN:
SF:/Users/aljabear/Projects/visualist/client/src/components/Home.vue
FNF:0
FNH:0
LF:0
LH:0
BRF:0
BRH:0
end_of_record
TN:
SF:/Users/aljabear/Projects/visualist/client/src/components/layouts/Default.vue
FNF:0
FNH:0
LF:0
LH:0
BRF:0
BRH:0
end_of_record
TN:
SF:/Users/aljabear/Projects/visualist/client/src/components/common/VisHeader.vue
FNF:0
FNH:0
LF:0
LH:0
BRF:0
BRH:0
end_of_record
TN:
SF:/Users/aljabear/Projects/visualist/client/src/components/common/VisFooter.vue
FNF:0
FNH:0
LF:0
LH:0
BRF:0
BRH:0
end_of_record
TN:
SF:/Users/aljabear/Projects/visualist/client/src/components/common/NavBreadcrumb.vue
FNF:0
FNH:0
LF:0
LH:0
BRF:0
BRH:0
end_of_record
TN:
SF:/Users/aljabear/Projects/visualist/client/src/components/common/Console.vue
FNF:0
FNH:0
LF:0
LH:0
BRF:0
BRH:0
end_of_record
TN:
SF:/Users/aljabear/Projects/visualist/client/src/App.vue
FNF:0
FNH:0
LF:0
LH:0
BRF:0
BRH:0
end_of_record
TN:
SF:/Users/aljabear/Projects/visualist/client/src/router/index.js
FNF:0
FNH:0
DA:5,1
LF:1
LH:1
BRF:0
BRH:0
end_of_record
